Traceback (most recent call last):
  File "E:\Users\xiaomi_codex\xiaomi_week3\detection\train_yolov8.py", line 47, in <module>
    main()
  File "E:\Users\xiaomi_codex\xiaomi_week3\detection\train_yolov8.py", line 28, in main
    results = model.train(
              ^^^^^^^^^^^^
  File "C:\Users\Lenovo\AppData\Local\Programs\Python\Python312\Lib\site-packages\ultralytics\engine\model.py", line 814, in train
    self.trainer.train()
  File "C:\Users\Lenovo\AppData\Local\Programs\Python\Python312\Lib\site-packages\ultralytics\engine\trainer.py", line 241, in train
    self._do_train()
  File "C:\Users\Lenovo\AppData\Local\Programs\Python\Python312\Lib\site-packages\ultralytics\engine\trainer.py", line 460, in _do_train
    loss, self.loss_items = self.model(batch)
                            ^^^^^^^^^^^^^^^^^
  File "C:\Users\Lenovo\AppData\Local\Programs\Python\Python312\Lib\site-packages\torch\nn\modules\module.py", line 1776, in _wrapped_call_impl
    return self._call_impl(*args, **kwargs)
           ^^^^^^^^^^^^^^^^^^^^^^^^^^^^^^^^
  File "C:\Users\Lenovo\AppData\Local\Programs\Python\Python312\Lib\site-packages\torch\nn\modules\module.py", line 1787, in _call_impl
    return forward_call(*args, **kwargs)
           ^^^^^^^^^^^^^^^^^^^^^^^^^^^^^
  File "C:\Users\Lenovo\AppData\Local\Programs\Python\Python312\Lib\site-packages\ultralytics\nn\tasks.py", line 153, in forward
    return self.loss(x, *args, **kwargs)
           ^^^^^^^^^^^^^^^^^^^^^^^^^^^^^
  File "C:\Users\Lenovo\AppData\Local\Programs\Python\Python312\Lib\site-packages\ultralytics\nn\tasks.py", line 347, in loss
    return self.criterion(preds, batch)
           ^^^^^^^^^^^^^^^^^^^^^^^^^^^^
  File "C:\Users\Lenovo\AppData\Local\Programs\Python\Python312\Lib\site-packages\ultralytics\utils\loss.py", line 476, in __call__
    return self.loss(self.parse_output(preds), batch)
           ^^^^^^^^^^^^^^^^^^^^^^^^^^^^^^^^^^^^^^^^^^
  File "C:\Users\Lenovo\AppData\Local\Programs\Python\Python312\Lib\site-packages\ultralytics\utils\loss.py", line 481, in loss
    loss, loss_detach = self.get_assigned_targets_and_loss(preds, batch)[1:]
                        ^^^^^^^^^^^^^^^^^^^^^^^^^^^^^^^^^^^^^^^^^^^^^^^^
  File "C:\Users\Lenovo\AppData\Local\Programs\Python\Python312\Lib\site-packages\ultralytics\utils\loss.py", line 409, in get_assigned_targets_and_loss
    anchor_points, stride_tensor = make_anchors(preds["feats"], self.stride, 0.5)
                                   ^^^^^^^^^^^^^^^^^^^^^^^^^^^^^^^^^^^^^^^^^^^^^^
  File "C:\Users\Lenovo\AppData\Local\Programs\Python\Python312\Lib\site-packages\ultralytics\utils\tal.py", line 413, in make_anchors
    stride_tensor.append(torch.full((h * w, 1), stride, dtype=dtype, device=device))
                         ^^^^^^^^^^^^^^^^^^^^^^^^^^^^^^^^^^^^^^^^^^^^^^^^^^^^^^^^^^
torch.AcceleratorError: CUDA error: an illegal instruction was encountered
Search for `cudaErrorIllegalInstruction' in https://docs.nvidia.com/cuda/cuda-runtime-api/group__CUDART__TYPES.html for more information.
CUDA kernel errors might be asynchronously reported at some other API call, so the stacktrace below might be incorrect.
For debugging consider passing CUDA_LAUNCH_BLOCKING=1
Compile with `TORCH_USE_CUDA_DSA` to enable device-side assertions.

